the is hi under out the is under out the is under out bharath the is 
hi under out the is under out the is under out the is hi under out the 
is under out the is under out the is 
hi under out the is under out the is under out 
the is hi under out the is under out the is under out 
the is hi under out the is under out the is under out 
the is hi under out the is under out the is under out 
the is hi under out the is under out the is under out 
the is hi under out the is under out the is under out 
the is hi under out the is under out the is under out 
the is hi under out the is under out the is under out 
the is hi under out the is under out the is under out 
the is hi under out the is under out the is under out 
the is hi under out the is under out the is under out 
the is hi under out the is under out the is under out 
the is hi under out the is under out the is under out 
the is hi under out the is under out the is under out 
the is hi under out the is under out the is under out 
the is hi under out the is under out the is under out 
the is hi under out the is under out the is under out 
the is hi under out the is under out the is under out 
the is hi under out the is under out the is under out 
